# JRE version: OpenJDK Runtime Environment Corretto-17.0.7.7.1 (17.0.7+7) (build 17.0.7+7-LTS)
# Java VM: OpenJDK 64-Bit Server VM Corretto-17.0.7.7.1 (17.0.7+7-LTS, mixed mode, sharing, tiered, compressed oops, compressed class ptrs, g1 gc, windows-amd64)
GC Precious Log:
 CPUs: 4 total, 4 available
 Memory: 3537M
 Large Page Support: Disabled
 NUMA Support: Disabled
 Compressed Oops: Enabled (32-bit)
 Heap Region Size: 1M
 Heap Min Capacity: 8M
 Heap Initial Capacity: 56M
 Heap Max Capacity: 886M
 Pre-touch: Disabled
 Parallel Workers: 4
 Concurrent Workers: 1
 Concurrent Refinement Workers: 4
 Periodic GC: Disabled
Heap:
 garbage-first heap   total 48128K, used 29837K [0x00000000c8a00000, 0x0000000100000000)
  region size 1024K, 9 young (9216K), 3 survivors (3072K)
 Metaspace       used 61262K, committed 61824K, reserved 1114112K
  class space    used 8359K, committed 8640K, reserved 1048576K
GC Heap History (20 events):
Event: 18.349 GC heap before
{Heap before GC invocations=9 (full 0):
 garbage-first heap   total 48128K, used 34572K [0x00000000c8a00000, 0x0000000100000000)
  region size 1024K, 20 young (20480K), 1 survivors (1024K)
 Metaspace       used 29048K, committed 29440K, reserved 1114112K
  class space    used 3781K, committed 3968K, reserved 1048576K
}
Event: 18.355 GC heap after
{Heap after GC invocations=10 (full 0):
 garbage-first heap   total 48128K, used 16792K [0x00000000c8a00000, 0x0000000100000000)
  region size 1024K, 3 young (3072K), 3 survivors (3072K)
 Metaspace       used 29048K, committed 29440K, reserved 1114112K
  class space    used 3781K, committed 3968K, reserved 1048576K
}
Event: 19.877 GC heap before
{Heap before GC invocations=10 (full 0):
 garbage-first heap   total 48128K, used 34200K [0x00000000c8a00000, 0x0000000100000000)
  region size 1024K, 20 young (20480K), 3 survivors (3072K)
 Metaspace       used 31783K, committed 32256K, reserved 1114112K
  class space    used 4136K, committed 4352K, reserved 1048576K
}
Event: 19.885 GC heap after
{Heap after GC invocations=11 (full 0):
 garbage-first heap   total 48128K, used 17979K [0x00000000c8a00000, 0x0000000100000000)
  region size 1024K, 2 young (2048K), 2 survivors (2048K)
 Metaspace       used 31783K, committed 32256K, reserved 1114112K
  class space    used 4136K, committed 4352K, reserved 1048576K
}
Event: 21.395 GC heap before
{Heap before GC invocations=11 (full 0):
 garbage-first heap   total 48128K, used 34363K [0x00000000c8a00000, 0x0000000100000000)
  region size 1024K, 19 young (19456K), 2 survivors (2048K)
 Metaspace       used 35557K, committed 35968K, reserved 1114112K
  class space    used 4750K, committed 4992K, reserved 1048576K
}
Event: 21.400 GC heap after
{Heap after GC invocations=12 (full 0):
 garbage-first heap   total 48128K, used 18621K [0x00000000c8a00000, 0x0000000100000000)
  region size 1024K, 2 young (2048K), 2 survivors (2048K)
 Metaspace       used 35557K, committed 35968K, reserved 1114112K
  class space    used 4750K, committed 4992K, reserved 1048576K
}
Event: 23.701 GC heap before
{Heap before GC invocations=13 (full 0):
 garbage-first heap   total 48128K, used 35005K [0x00000000c8a00000, 0x0000000100000000)
  region size 1024K, 19 young (19456K), 2 survivors (2048K)
 Metaspace       used 43814K, committed 44288K, reserved 1114112K
  class space    used 5737K, committed 5952K, reserved 1048576K
}
Event: 23.711 GC heap after
{Heap after GC invocations=14 (full 0):
 garbage-first heap   total 48128K, used 20752K [0x00000000c8a00000, 0x0000000100000000)
  region size 1024K, 3 young (3072K), 3 survivors (3072K)
 Metaspace       used 43814K, committed 44288K, reserved 1114112K
  class space    used 5737K, committed 5952K, reserved 1048576K
}
Event: 23.814 GC heap before
{Heap before GC invocations=14 (full 0):
 garbage-first heap   total 48128K, used 21776K [0x00000000c8a00000, 0x0000000100000000)
  region size 1024K, 4 young (4096K), 3 survivors (3072K)
 Metaspace       used 44090K, committed 44480K, reserved 1114112K
  class space    used 5769K, committed 5952K, reserved 1048576K
}
Event: 23.826 GC heap after
{Heap after GC invocations=15 (full 0):
 garbage-first heap   total 48128K, used 20947K [0x00000000c8a00000, 0x0000000100000000)
  region size 1024K, 1 young (1024K), 1 survivors (1024K)
 Metaspace       used 44090K, committed 44480K, reserved 1114112K
  class space    used 5769K, committed 5952K, reserved 1048576K
}
Event: 24.969 GC heap before
{Heap before GC invocations=15 (full 0):
 garbage-first heap   total 48128K, used 37331K [0x00000000c8a00000, 0x0000000100000000)
  region size 1024K, 17 young (17408K), 1 survivors (1024K)
 Metaspace       used 47162K, committed 47616K, reserved 1114112K
  class space    used 6200K, committed 6400K, reserved 1048576K
}
Event: 24.974 GC heap after
{Heap after GC invocations=16 (full 0):
 garbage-first heap   total 48128K, used 21687K [0x00000000c8a00000, 0x0000000100000000)
  region size 1024K, 2 young (2048K), 2 survivors (2048K)
 Metaspace       used 47162K, committed 47616K, reserved 1114112K
  class space    used 6200K, committed 6400K, reserved 1048576K
}
Event: 26.057 GC heap before
{Heap before GC invocations=16 (full 0):
 garbage-first heap   total 48128K, used 37047K [0x00000000c8a00000, 0x0000000100000000)
  region size 1024K, 17 young (17408K), 2 survivors (2048K)
 Metaspace       used 51159K, committed 51648K, reserved 1114112K
  class space    used 6717K, committed 6976K, reserved 1048576K
}
Event: 26.070 GC heap after
{Heap after GC invocations=17 (full 0):
 garbage-first heap   total 48128K, used 22342K [0x00000000c8a00000, 0x0000000100000000)
  region size 1024K, 2 young (2048K), 2 survivors (2048K)
 Metaspace       used 51159K, committed 51648K, reserved 1114112K
  class space    used 6717K, committed 6976K, reserved 1048576K
}
Event: 27.275 GC heap before
{Heap before GC invocations=17 (full 0):
 garbage-first heap   total 48128K, used 37702K [0x00000000c8a00000, 0x0000000100000000)
  region size 1024K, 17 young (17408K), 2 survivors (2048K)
 Metaspace       used 55065K, committed 55552K, reserved 1114112K
  class space    used 7461K, committed 7744K, reserved 1048576K
}
Event: 27.281 GC heap after
{Heap after GC invocations=18 (full 0):
 garbage-first heap   total 48128K, used 22953K [0x00000000c8a00000, 0x0000000100000000)
  region size 1024K, 2 young (2048K), 2 survivors (2048K)
 Metaspace       used 55065K, committed 55552K, reserved 1114112K
  class space    used 7461K, committed 7744K, reserved 1048576K
}
Event: 28.384 GC heap before
{Heap before GC invocations=18 (full 0):
 garbage-first heap   total 48128K, used 37289K [0x00000000c8a00000, 0x0000000100000000)
  region size 1024K, 16 young (16384K), 2 survivors (2048K)
 Metaspace       used 58146K, committed 58688K, reserved 1114112K
  class space    used 7918K, committed 8192K, reserved 1048576K
}
Event: 28.393 GC heap after
{Heap after GC invocations=19 (full 0):
 garbage-first heap   total 48128K, used 23483K [0x00000000c8a00000, 0x0000000100000000)
  region size 1024K, 2 young (2048K), 2 survivors (2048K)
 Metaspace       used 58146K, committed 58688K, reserved 1114112K
  class space    used 7918K, committed 8192K, reserved 1048576K
}
Event: 29.718 GC heap before
{Heap before GC invocations=20 (full 0):
 garbage-first heap   total 48128K, used 37819K [0x00000000c8a00000, 0x0000000100000000)
  region size 1024K, 17 young (17408K), 2 survivors (2048K)
 Metaspace       used 60716K, committed 61248K, reserved 1114112K
  class space    used 8266K, committed 8512K, reserved 1048576K
}
Event: 29.727 GC heap after
{Heap after GC invocations=21 (full 0):
 garbage-first heap   total 48128K, used 24717K [0x00000000c8a00000, 0x0000000100000000)
  region size 1024K, 3 young (3072K), 3 survivors (3072K)
 Metaspace       used 60716K, committed 61248K, reserved 1114112K
  class space    used 8266K, committed 8512K, reserved 1048576K
}

