# JRE version: OpenJDK Runtime Environment Corretto-17.0.7.7.1 (17.0.7+7) (build 17.0.7+7-LTS)
# Java VM: OpenJDK 64-Bit Server VM Corretto-17.0.7.7.1 (17.0.7+7-LTS, mixed mode, sharing, tiered, compressed oops, compressed class ptrs, g1 gc, windows-amd64)
GC Precious Log:
 CPUs: 4 total, 4 available
 Memory: 3537M
 Large Page Support: Disabled
 NUMA Support: Disabled
 Compressed Oops: Enabled (32-bit)
 Heap Region Size: 1M
 Heap Min Capacity: 8M
 Heap Initial Capacity: 56M
 Heap Max Capacity: 886M
 Pre-touch: Disabled
 Parallel Workers: 4
 Concurrent Workers: 1
 Concurrent Refinement Workers: 4
 Periodic GC: Disabled
Heap:
 garbage-first heap   total 51200K, used 31941K [0x00000000c8a00000, 0x0000000100000000)
  region size 1024K, 19 young (19456K), 3 survivors (3072K)
 Metaspace       used 32114K, committed 32640K, reserved 1114112K
  class space    used 4175K, committed 4416K, reserved 1048576K
GC Heap History (16 events):
Event: 2.446 GC heap before
{Heap before GC invocations=0 (full 0):
 garbage-first heap   total 57344K, used 13312K [0x00000000c8a00000, 0x0000000100000000)
  region size 1024K, 13 young (13312K), 0 survivors (0K)
 Metaspace       used 3404K, committed 3584K, reserved 1114112K
  class space    used 359K, committed 448K, reserved 1048576K
}
Event: 2.461 GC heap after
{Heap after GC invocations=1 (full 0):
 garbage-first heap   total 57344K, used 5848K [0x00000000c8a00000, 0x0000000100000000)
  region size 1024K, 2 young (2048K), 2 survivors (2048K)
 Metaspace       used 3404K, committed 3584K, reserved 1114112K
  class space    used 359K, committed 448K, reserved 1048576K
}
Event: 3.549 GC heap before
{Heap before GC invocations=1 (full 0):
 garbage-first heap   total 57344K, used 16088K [0x00000000c8a00000, 0x0000000100000000)
  region size 1024K, 13 young (13312K), 2 survivors (2048K)
 Metaspace       used 5900K, committed 6016K, reserved 1114112K
  class space    used 688K, committed 768K, reserved 1048576K
}
Event: 3.556 GC heap after
{Heap after GC invocations=2 (full 0):
 garbage-first heap   total 57344K, used 6693K [0x00000000c8a00000, 0x0000000100000000)
  region size 1024K, 1 young (1024K), 1 survivors (1024K)
 Metaspace       used 5900K, committed 6016K, reserved 1114112K
  class space    used 688K, committed 768K, reserved 1048576K
}
Event: 5.042 GC heap before
{Heap before GC invocations=2 (full 0):
 garbage-first heap   total 57344K, used 25125K [0x00000000c8a00000, 0x0000000100000000)
  region size 1024K, 19 young (19456K), 1 survivors (1024K)
 Metaspace       used 10074K, committed 10368K, reserved 1114112K
  class space    used 1271K, committed 1408K, reserved 1048576K
}
Event: 5.048 GC heap after
{Heap after GC invocations=3 (full 0):
 garbage-first heap   total 57344K, used 7830K [0x00000000c8a00000, 0x0000000100000000)
  region size 1024K, 2 young (2048K), 2 survivors (2048K)
 Metaspace       used 10074K, committed 10368K, reserved 1114112K
  class space    used 1271K, committed 1408K, reserved 1048576K
}
Event: 6.429 GC heap before
{Heap before GC invocations=3 (full 0):
 garbage-first heap   total 57344K, used 36502K [0x00000000c8a00000, 0x0000000100000000)
  region size 1024K, 30 young (30720K), 2 survivors (2048K)
 Metaspace       used 15895K, committed 16128K, reserved 1114112K
  class space    used 2032K, committed 2112K, reserved 1048576K
}
Event: 6.440 GC heap after
{Heap after GC invocations=4 (full 0):
 garbage-first heap   total 57344K, used 10338K [0x00000000c8a00000, 0x0000000100000000)
  region size 1024K, 4 young (4096K), 4 survivors (4096K)
 Metaspace       used 15895K, committed 16128K, reserved 1114112K
  class space    used 2032K, committed 2112K, reserved 1048576K
}
Event: 7.951 GC heap before
{Heap before GC invocations=4 (full 0):
 garbage-first heap   total 57344K, used 36962K [0x00000000c8a00000, 0x0000000100000000)
  region size 1024K, 30 young (30720K), 4 survivors (4096K)
 Metaspace       used 19663K, committed 20032K, reserved 1114112K
  class space    used 2502K, committed 2688K, reserved 1048576K
}
Event: 7.963 GC heap after
{Heap after GC invocations=5 (full 0):
 garbage-first heap   total 57344K, used 12287K [0x00000000c8a00000, 0x0000000100000000)
  region size 1024K, 2 young (2048K), 2 survivors (2048K)
 Metaspace       used 19663K, committed 20032K, reserved 1114112K
  class space    used 2502K, committed 2688K, reserved 1048576K
}
Event: 9.165 GC heap before
{Heap before GC invocations=5 (full 0):
 garbage-first heap   total 57344K, used 25599K [0x00000000c8a00000, 0x0000000100000000)
  region size 1024K, 16 young (16384K), 2 survivors (2048K)
 Metaspace       used 21254K, committed 21504K, reserved 1114112K
  class space    used 2714K, committed 2880K, reserved 1048576K
}
Event: 9.172 GC heap after
{Heap after GC invocations=6 (full 0):
 garbage-first heap   total 57344K, used 13057K [0x00000000c8a00000, 0x0000000100000000)
  region size 1024K, 3 young (3072K), 3 survivors (3072K)
 Metaspace       used 21254K, committed 21504K, reserved 1114112K
  class space    used 2714K, committed 2880K, reserved 1048576K
}
Event: 11.742 GC heap before
{Heap before GC invocations=7 (full 0):
 garbage-first heap   total 51200K, used 40705K [0x00000000c8a00000, 0x0000000100000000)
  region size 1024K, 30 young (30720K), 3 survivors (3072K)
 Metaspace       used 25691K, committed 26048K, reserved 1114112K
  class space    used 3367K, committed 3520K, reserved 1048576K
}
Event: 11.756 GC heap after
{Heap after GC invocations=8 (full 0):
 garbage-first heap   total 51200K, used 15407K [0x00000000c8a00000, 0x0000000100000000)
  region size 1024K, 4 young (4096K), 4 survivors (4096K)
 Metaspace       used 25691K, committed 26048K, reserved 1114112K
  class space    used 3367K, committed 3520K, reserved 1048576K
}
Event: 14.561 GC heap before
{Heap before GC invocations=8 (full 0):
 garbage-first heap   total 51200K, used 35887K [0x00000000c8a00000, 0x0000000100000000)
  region size 1024K, 25 young (25600K), 4 survivors (4096K)
 Metaspace       used 29598K, committed 30080K, reserved 1114112K
  class space    used 3846K, committed 4096K, reserved 1048576K
}
Event: 14.574 GC heap after
{Heap after GC invocations=9 (full 0):
 garbage-first heap   total 51200K, used 17605K [0x00000000c8a00000, 0x0000000100000000)
  region size 1024K, 3 young (3072K), 3 survivors (3072K)
 Metaspace       used 29598K, committed 30080K, reserved 1114112K
  class space    used 3846K, committed 4096K, reserved 1048576K
}

