# JRE version: OpenJDK Runtime Environment Corretto-17.0.7.7.1 (17.0.7+7) (build 17.0.7+7-LTS)
# Java VM: OpenJDK 64-Bit Server VM Corretto-17.0.7.7.1 (17.0.7+7-LTS, mixed mode, sharing, tiered, compressed oops, compressed class ptrs, g1 gc, windows-amd64)
GC Precious Log:
 CPUs: 4 total, 4 available
 Memory: 3537M
 Large Page Support: Disabled
 NUMA Support: Disabled
 Compressed Oops: Enabled (32-bit)
 Heap Region Size: 1M
 Heap Min Capacity: 8M
 Heap Initial Capacity: 56M
 Heap Max Capacity: 886M
 Pre-touch: Disabled
 Parallel Workers: 4
 Concurrent Workers: 1
 Concurrent Refinement Workers: 4
 Periodic GC: Disabled
Heap:
 garbage-first heap   total 51200K, used 36100K [0x00000000c8a00000, 0x0000000100000000)
  region size 1024K, 17 young (17408K), 2 survivors (2048K)
 Metaspace       used 55601K, committed 56128K, reserved 1114112K
  class space    used 7532K, committed 7808K, reserved 1048576K
GC Heap History (20 events):
Event: 7.807 GC heap before
{Heap before GC invocations=3 (full 0):
 garbage-first heap   total 57344K, used 33448K [0x00000000c8a00000, 0x0000000100000000)
  region size 1024K, 28 young (28672K), 2 survivors (2048K)
 Metaspace       used 15491K, committed 15680K, reserved 1114112K
  class space    used 1994K, committed 2112K, reserved 1048576K
}
Event: 7.817 GC heap after
{Heap after GC invocations=4 (full 0):
 garbage-first heap   total 57344K, used 9752K [0x00000000c8a00000, 0x0000000100000000)
  region size 1024K, 4 young (4096K), 4 survivors (4096K)
 Metaspace       used 15491K, committed 15680K, reserved 1114112K
  class space    used 1994K, committed 2112K, reserved 1048576K
}
Event: 9.348 GC heap before
{Heap before GC invocations=4 (full 0):
 garbage-first heap   total 57344K, used 37400K [0x00000000c8a00000, 0x0000000100000000)
  region size 1024K, 32 young (32768K), 4 survivors (4096K)
 Metaspace       used 19676K, committed 20032K, reserved 1114112K
  class space    used 2502K, committed 2688K, reserved 1048576K
}
Event: 9.366 GC heap after
{Heap after GC invocations=5 (full 0):
 garbage-first heap   total 57344K, used 11984K [0x00000000c8a00000, 0x0000000100000000)
  region size 1024K, 4 young (4096K), 4 survivors (4096K)
 Metaspace       used 19676K, committed 20032K, reserved 1114112K
  class space    used 2502K, committed 2688K, reserved 1048576K
}
Event: 10.662 GC heap before
{Heap before GC invocations=5 (full 0):
 garbage-first heap   total 57344K, used 24272K [0x00000000c8a00000, 0x0000000100000000)
  region size 1024K, 17 young (17408K), 4 survivors (4096K)
 Metaspace       used 21195K, committed 21504K, reserved 1114112K
  class space    used 2705K, committed 2880K, reserved 1048576K
}
Event: 10.672 GC heap after
{Heap after GC invocations=6 (full 0):
 garbage-first heap   total 57344K, used 13003K [0x00000000c8a00000, 0x0000000100000000)
  region size 1024K, 2 young (2048K), 2 survivors (2048K)
 Metaspace       used 21195K, committed 21504K, reserved 1114112K
  class space    used 2705K, committed 2880K, reserved 1048576K
}
Event: 13.140 GC heap before
{Heap before GC invocations=7 (full 0):
 garbage-first heap   total 51200K, used 40651K [0x00000000c8a00000, 0x0000000100000000)
  region size 1024K, 29 young (29696K), 2 survivors (2048K)
 Metaspace       used 25600K, committed 25984K, reserved 1114112K
  class space    used 3346K, committed 3520K, reserved 1048576K
}
Event: 13.155 GC heap after
{Heap after GC invocations=8 (full 0):
 garbage-first heap   total 51200K, used 14997K [0x00000000c8a00000, 0x0000000100000000)
  region size 1024K, 4 young (4096K), 4 survivors (4096K)
 Metaspace       used 25600K, committed 25984K, reserved 1114112K
  class space    used 3346K, committed 3520K, reserved 1048576K
}
Event: 15.374 GC heap before
{Heap before GC invocations=8 (full 0):
 garbage-first heap   total 51200K, used 36501K [0x00000000c8a00000, 0x0000000100000000)
  region size 1024K, 26 young (26624K), 4 survivors (4096K)
 Metaspace       used 29648K, committed 30144K, reserved 1114112K
  class space    used 3851K, committed 4096K, reserved 1048576K
}
Event: 15.387 GC heap after
{Heap after GC invocations=9 (full 0):
 garbage-first heap   total 51200K, used 17544K [0x00000000c8a00000, 0x0000000100000000)
  region size 1024K, 3 young (3072K), 3 survivors (3072K)
 Metaspace       used 29648K, committed 30144K, reserved 1114112K
  class space    used 3851K, committed 4096K, reserved 1048576K
}
Event: 17.005 GC heap before
{Heap before GC invocations=9 (full 0):
 garbage-first heap   total 51200K, used 37000K [0x00000000c8a00000, 0x0000000100000000)
  region size 1024K, 22 young (22528K), 3 survivors (3072K)
 Metaspace       used 33112K, committed 33600K, reserved 1114112K
  class space    used 4327K, committed 4544K, reserved 1048576K
}
Event: 17.018 GC heap after
{Heap after GC invocations=10 (full 0):
 garbage-first heap   total 51200K, used 18493K [0x00000000c8a00000, 0x0000000100000000)
  region size 1024K, 2 young (2048K), 2 survivors (2048K)
 Metaspace       used 33112K, committed 33600K, reserved 1114112K
  class space    used 4327K, committed 4544K, reserved 1048576K
}
Event: 17.911 GC heap before
{Heap before GC invocations=10 (full 0):
 garbage-first heap   total 51200K, used 27709K [0x00000000c8a00000, 0x0000000100000000)
  region size 1024K, 13 young (13312K), 2 survivors (2048K)
 Metaspace       used 35483K, committed 35968K, reserved 1114112K
  class space    used 4734K, committed 4992K, reserved 1048576K
}
Event: 17.916 GC heap after
{Heap after GC invocations=11 (full 0):
 garbage-first heap   total 51200K, used 18741K [0x00000000c8a00000, 0x0000000100000000)
  region size 1024K, 2 young (2048K), 2 survivors (2048K)
 Metaspace       used 35483K, committed 35968K, reserved 1114112K
  class space    used 4734K, committed 4992K, reserved 1048576K
}
Event: 20.430 GC heap before
{Heap before GC invocations=12 (full 0):
 garbage-first heap   total 51200K, used 39221K [0x00000000c8a00000, 0x0000000100000000)
  region size 1024K, 22 young (22528K), 2 survivors (2048K)
 Metaspace       used 44253K, committed 44736K, reserved 1114112K
  class space    used 5782K, committed 6016K, reserved 1048576K
}
Event: 20.439 GC heap after
{Heap after GC invocations=13 (full 0):
 garbage-first heap   total 51200K, used 21001K [0x00000000c8a00000, 0x0000000100000000)
  region size 1024K, 3 young (3072K), 3 survivors (3072K)
 Metaspace       used 44253K, committed 44736K, reserved 1114112K
  class space    used 5782K, committed 6016K, reserved 1048576K
}
Event: 22.004 GC heap before
{Heap before GC invocations=13 (full 0):
 garbage-first heap   total 51200K, used 38409K [0x00000000c8a00000, 0x0000000100000000)
  region size 1024K, 21 young (21504K), 3 survivors (3072K)
 Metaspace       used 47894K, committed 48320K, reserved 1114112K
  class space    used 6294K, committed 6464K, reserved 1048576K
}
Event: 22.015 GC heap after
{Heap after GC invocations=14 (full 0):
 garbage-first heap   total 51200K, used 22386K [0x00000000c8a00000, 0x0000000100000000)
  region size 1024K, 2 young (2048K), 2 survivors (2048K)
 Metaspace       used 47894K, committed 48320K, reserved 1114112K
  class space    used 6294K, committed 6464K, reserved 1048576K
}
Event: 23.487 GC heap before
{Heap before GC invocations=14 (full 0):
 garbage-first heap   total 51200K, used 37746K [0x00000000c8a00000, 0x0000000100000000)
  region size 1024K, 18 young (18432K), 2 survivors (2048K)
 Metaspace       used 52719K, committed 53184K, reserved 1114112K
  class space    used 6997K, committed 7232K, reserved 1048576K
}
Event: 23.492 GC heap after
{Heap after GC invocations=15 (full 0):
 garbage-first heap   total 51200K, used 22788K [0x00000000c8a00000, 0x0000000100000000)
  region size 1024K, 2 young (2048K), 2 survivors (2048K)
 Metaspace       used 52719K, committed 53184K, reserved 1114112K
  class space    used 6997K, committed 7232K, reserved 1048576K
}

